<?xml version="1.0" encoding="UTF-8"?>
<!-- Generated by org.testng.reporters.JUnitXMLReporter -->
<testsuite hostname="Adarsha-PC" name="IETest" tests="1" failures="1" timestamp="4 Jun 2015 04:14:32 GMT" time="170.78" errors="0">
  <testcase name="firstTask" time="0.0" classname="net.project.testClasses.HackerrankTestCases.BasicTestCase">
    <failure type="org.openqa.selenium.WebDriverException" message="JavaScript error (WARNING: The server did not provide any stacktrace information)
Command duration or timeout: 459 milliseconds
Build info: version: &amp;apos;2.44.0&amp;apos;, revision: &amp;apos;76d78cf323ce037c5f92db6c1bba601c2ac43ad8&amp;apos;, time: &amp;apos;2014-10-23 13:11:40&amp;apos;
System info: host: &amp;apos;Adarsha-PC&amp;apos;, ip: &amp;apos;192.168.1.33&amp;apos;, os.name: &amp;apos;Windows 7&amp;apos;, os.arch: &amp;apos;amd64&amp;apos;, os.version: &amp;apos;6.1&amp;apos;, java.version: &amp;apos;1.8.0_25&amp;apos;
Driver info: org.openqa.selenium.ie.InternetExplorerDriver
Capabilities [{browserAttachTimeout=0, enablePersistentHover=true, ie.forceCreateProcessApi=false, ie.usePerProcessProxy=false, ignoreZoomSetting=false, handlesAlerts=true, version=11, platform=WINDOWS, nativeEvents=true, ie.ensureCleanSession=false, elementScrollBehavior=0, ie.browserCommandLineSwitches=, requireWindowFocus=false, browserName=internet explorer, initialBrowserUrl=http://localhost:36430/, takesScreenshot=true, javascriptEnabled=true, ignoreProtectedModeSettings=false, enableElementCacheCleanup=true, cssSelectorsEnabled=true, unexpectedAlertBehaviour=dismiss}]
Session ID: c244f030-55b1-48b9-afce-8dfa4521dc05">
      <![CDATA[org.openqa.selenium.WebDriverException: JavaScript error (WARNING: The server did not provide any stacktrace information)
Command duration or timeout: 459 milliseconds
Build info: version: '2.44.0', revision: '76d78cf323ce037c5f92db6c1bba601c2ac43ad8', time: '2014-10-23 13:11:40'
System info: host: 'Adarsha-PC', ip: '192.168.1.33', os.name: 'Windows 7', os.arch: 'amd64', os.version: '6.1', java.version: '1.8.0_25'
Driver info: org.openqa.selenium.ie.InternetExplorerDriver
Capabilities [{browserAttachTimeout=0, enablePersistentHover=true, ie.forceCreateProcessApi=false, ie.usePerProcessProxy=false, ignoreZoomSetting=false, handlesAlerts=true, version=11, platform=WINDOWS, nativeEvents=true, ie.ensureCleanSession=false, elementScrollBehavior=0, ie.browserCommandLineSwitches=, requireWindowFocus=false, browserName=internet explorer, initialBrowserUrl=http://localhost:36430/, takesScreenshot=true, javascriptEnabled=true, ignoreProtectedModeSettings=false, enableElementCacheCleanup=true, cssSelectorsEnabled=true, unexpectedAlertBehaviour=dismiss}]
Session ID: c244f030-55b1-48b9-afce-8dfa4521dc05
	at org.openqa.selenium.remote.ErrorHandler.createThrowable(ErrorHandler.java:204)
	at org.openqa.selenium.remote.ErrorHandler.throwIfResponseFailed(ErrorHandler.java:156)
	at org.openqa.selenium.remote.RemoteWebDriver.execute(RemoteWebDriver.java:599)
	at org.openqa.selenium.remote.RemoteWebDriver.executeScript(RemoteWebDriver.java:508)
	at org.openqa.selenium.support.events.EventFiringWebDriver$2.invoke(EventFiringWebDriver.java:101)
	at com.sun.proxy.$Proxy6.executeScript(Unknown Source)
	at org.openqa.selenium.support.events.EventFiringWebDriver.executeScript(EventFiringWebDriver.java:213)
	at net.project.webDriverUtils.WebDriverUtilFunctions.waitForAjaxQueryCompletion(WebDriverUtilFunctions.java:530)
	at net.project.pageClasses.HackerRankPageClasses.DomainsPage.isLoaded(DomainsPage.java:50)
	at net.project.pageClasses.HackerRankPageClasses.LoginPage.performDefaultLogin(LoginPage.java:164)
	at net.project.testClasses.HackerrankTestCases.BasicTestCase.firstTask(BasicTestCase.java:49)
	at java.util.concurrent.FutureTask.run(FutureTask.java:266)
	at java.util.concurrent.ThreadPoolExecutor.runWorker(ThreadPoolExecutor.java:1142)
	at java.util.concurrent.ThreadPoolExecutor$Worker.run(ThreadPoolExecutor.java:617)
	at java.lang.Thread.run(Thread.java:745)
... Removed 23 stack frames]]>
    </failure>
  </testcase> <!-- firstTask -->
</testsuite> <!-- IETest -->
