<?xml version="1.0" encoding="UTF-8"?>
<!-- Generated by org.testng.reporters.JUnitXMLReporter -->
<testsuite hostname="Adarshas-MacBook-Pro.local" name="SafariTest" tests="2" failures="0" timestamp="17 Jul 2015 12:49:04 GMT" time="138.187" errors="0">
  <testcase name="testFromInterviewerSide" time="1.437137291728E9" classname="net.project.testClasses.HackerrankForWork.CodePair.BasicTestClass"/>
  <testcase name="testFromIntervieweeSide" time="1.437137341176E9" classname="net.project.testClasses.HackerrankForWork.CodePair.BasicTestClass"/>
</testsuite> <!-- SafariTest -->
