<?xml version="1.0" encoding="UTF-8"?>
<!-- Generated by org.testng.reporters.JUnitXMLReporter -->
<testsuite hostname="Adarshas-MacBook-Pro.local" name="SafariTest" tests="3" failures="1" timestamp="22 Jul 2015 11:24:00 GMT" time="237.752" errors="0">
  <testcase name="codePairSanityTest1" time="1.437564098941E9" classname="net.project.HackerRankForWork.TestClasses.SanityTestClass"/>
  <testcase name="codePairSanityTest2" time="1.437564169635E9" classname="net.project.HackerRankForWork.TestClasses.SanityTestClass"/>
  <testcase name="codePairSanityTest3" time="0.0" classname="net.project.HackerRankForWork.TestClasses.SanityTestClass">
    <failure type="org.openqa.selenium.NoSuchElementException" message="Unable to locate element: {&amp;quot;method&amp;quot;:&amp;quot;css selector&amp;quot;,&amp;quot;selector&amp;quot;:&amp;quot;div[id=&amp;apos;candidate-details-container&amp;apos;]&amp;gt;div&amp;gt;table&amp;gt;tbody&amp;gt;tr&amp;gt;td:nth-child(3)&amp;quot;}
Command duration or timeout: 419 milliseconds
For documentation on this error, please visit: http://seleniumhq.org/exceptions/no_such_element.html
Build info: version: &amp;apos;2.45.0&amp;apos;, revision: &amp;apos;5017cb8e7ca8e37638dc3091b2440b90a1d8686f&amp;apos;, time: &amp;apos;2015-02-27 09:10:26&amp;apos;
System info: host: &amp;apos;Adarshas-MacBook-Pro.local&amp;apos;, ip: &amp;apos;192.168.2.70&amp;apos;, os.name: &amp;apos;Mac OS X&amp;apos;, os.arch: &amp;apos;x86_64&amp;apos;, os.version: &amp;apos;10.10.3&amp;apos;, java.version: &amp;apos;1.8.0_45&amp;apos;
Driver info: org.openqa.selenium.firefox.FirefoxDriver
Capabilities [{applicationCacheEnabled=true, rotatable=false, handlesAlerts=true, databaseEnabled=true, version=39.0, platform=MAC, browserConnectionEnabled=true, nativeEvents=false, acceptSslCerts=true, webStorageEnabled=true, locationContextEnabled=true, browserName=firefox, takesScreenshot=true, javascriptEnabled=true, cssSelectorsEnabled=true}]
Session ID: 650636af-0268-0840-b790-5e35f27e71b0
*** Element info: {Using=css selector, value=div[id=&amp;apos;candidate-details-container&amp;apos;]&amp;gt;div&amp;gt;table&amp;gt;tbody&amp;gt;tr&amp;gt;td:nth-child(3)}">
      <![CDATA[org.openqa.selenium.NoSuchElementException: Unable to locate element: {"method":"css selector","selector":"div[id='candidate-details-container']>div>table>tbody>tr>td:nth-child(3)"}
Command duration or timeout: 419 milliseconds
For documentation on this error, please visit: http://seleniumhq.org/exceptions/no_such_element.html
Build info: version: '2.45.0', revision: '5017cb8e7ca8e37638dc3091b2440b90a1d8686f', time: '2015-02-27 09:10:26'
System info: host: 'Adarshas-MacBook-Pro.local', ip: '192.168.2.70', os.name: 'Mac OS X', os.arch: 'x86_64', os.version: '10.10.3', java.version: '1.8.0_45'
Driver info: org.openqa.selenium.firefox.FirefoxDriver
Capabilities [{applicationCacheEnabled=true, rotatable=false, handlesAlerts=true, databaseEnabled=true, version=39.0, platform=MAC, browserConnectionEnabled=true, nativeEvents=false, acceptSslCerts=true, webStorageEnabled=true, locationContextEnabled=true, browserName=firefox, takesScreenshot=true, javascriptEnabled=true, cssSelectorsEnabled=true}]
Session ID: 650636af-0268-0840-b790-5e35f27e71b0
*** Element info: {Using=css selector, value=div[id='candidate-details-container']>div>table>tbody>tr>td:nth-child(3)}
	at org.openqa.selenium.remote.ErrorHandler.createThrowable(ErrorHandler.java:204)
	at org.openqa.selenium.remote.ErrorHandler.throwIfResponseFailed(ErrorHandler.java:156)
	at org.openqa.selenium.remote.RemoteWebDriver.execute(RemoteWebDriver.java:599)
	at org.openqa.selenium.remote.RemoteWebDriver.findElement(RemoteWebDriver.java:352)
	at org.openqa.selenium.remote.RemoteWebDriver.findElementByCssSelector(RemoteWebDriver.java:441)
	at org.openqa.selenium.By$ByCssSelector.findElement(By.java:425)
	at org.openqa.selenium.remote.RemoteWebDriver.findElement(RemoteWebDriver.java:344)
	at org.openqa.selenium.support.events.EventFiringWebDriver$2.invoke(EventFiringWebDriver.java:101)
	at com.sun.proxy.$Proxy8.findElement(Unknown Source)
	at org.openqa.selenium.support.events.EventFiringWebDriver.findElement(EventFiringWebDriver.java:184)
	at org.openqa.selenium.support.pagefactory.DefaultElementLocator.findElement(DefaultElementLocator.java:59)
	at org.openqa.selenium.support.pagefactory.internal.LocatingElementHandler.invoke(LocatingElementHandler.java:37)
	at com.sun.proxy.$Proxy11.getText(Unknown Source)
	at net.project.HackerRankForWork.TestClasses.SanityTestClass.codePairSanityTest3(SanityTestClass.java:114)
Caused by: org.openqa.selenium.NoSuchElementException: Unable to locate element: {"method":"css selector","selector":"div[id='candidate-details-container']>div>table>tbody>tr>td:nth-child(3)"}
For documentation on this error, please visit: http://seleniumhq.org/exceptions/no_such_element.html
Build info: version: '2.45.0', revision: '5017cb8e7ca8e37638dc3091b2440b90a1d8686f', time: '2015-02-27 09:10:26'
System info: host: 'Adarshas-MacBook-Pro.local', ip: '192.168.2.70', os.name: 'Mac OS X', os.arch: 'x86_64', os.version: '10.10.3', java.version: '1.8.0_45'
Driver info: driver.version: unknown
	at <anonymous class>.FirefoxDriver.prototype.findElementInternal_(file:///var/folders/27/wsmvbfq16db0yymbjm1m45mm0000gn/T/anonymous8911121246675435109webdriver-profile/extensions/fxdriver@googlecode.com/components/driver-component.js:10271)
	at <anonymous class>.FirefoxDriver.prototype.findElement(file:///var/folders/27/wsmvbfq16db0yymbjm1m45mm0000gn/T/anonymous8911121246675435109webdriver-profile/extensions/fxdriver@googlecode.com/components/driver-component.js:10280)
	at <anonymous class>.DelayedCommand.prototype.executeInternal_/h(file:///var/folders/27/wsmvbfq16db0yymbjm1m45mm0000gn/T/anonymous8911121246675435109webdriver-profile/extensions/fxdriver@googlecode.com/components/command-processor.js:12274)
	at <anonymous class>.DelayedCommand.prototype.executeInternal_(file:///var/folders/27/wsmvbfq16db0yymbjm1m45mm0000gn/T/anonymous8911121246675435109webdriver-profile/extensions/fxdriver@googlecode.com/components/command-processor.js:12279)
	at <anonymous class>.DelayedCommand.prototype.execute/<(file:///var/folders/27/wsmvbfq16db0yymbjm1m45mm0000gn/T/anonymous8911121246675435109webdriver-profile/extensions/fxdriver@googlecode.com/components/command-processor.js:12221)
... Removed 31 stack frames]]>
    </failure>
  </testcase> <!-- codePairSanityTest3 -->
</testsuite> <!-- SafariTest -->
