<?xml version="1.0" encoding="UTF-8"?>
<!-- Generated by org.testng.reporters.JUnitXMLReporter -->
<testsuite hostname="Adarsha-PC" name="FirefoxTest" tests="1" failures="1" timestamp="7 Jun 2015 06:51:09 GMT" time="192.563" errors="0">
  <testcase name="firstTask" time="0.0" classname="net.project.testClasses.HackerrankTestCases.BasicTestCase">
    <failure type="org.openqa.selenium.InvalidElementStateException" message="Cannot perform native interaction: Could not load native events component.
Command duration or timeout: 229 milliseconds
Build info: version: &amp;apos;2.46.0&amp;apos;, revision: &amp;apos;61506a4624b13675f24581e453592342b7485d71&amp;apos;, time: &amp;apos;2015-06-04 10:22:50&amp;apos;
System info: host: &amp;apos;Adarsha-PC&amp;apos;, ip: &amp;apos;192.168.1.33&amp;apos;, os.name: &amp;apos;Windows 7&amp;apos;, os.arch: &amp;apos;amd64&amp;apos;, os.version: &amp;apos;6.1&amp;apos;, java.version: &amp;apos;1.8.0_25&amp;apos;
Driver info: org.openqa.selenium.firefox.FirefoxDriver
Capabilities [{applicationCacheEnabled=true, rotatable=false, handlesAlerts=true, databaseEnabled=true, version=37.0.2, platform=WINDOWS, browserConnectionEnabled=true, nativeEvents=false, acceptSslCerts=true, webStorageEnabled=true, locationContextEnabled=true, browserName=firefox, takesScreenshot=true, javascriptEnabled=true, cssSelectorsEnabled=true}]
Session ID: 3f771ff8-0b3b-4def-9130-1e985a677c0c">
      <![CDATA[org.openqa.selenium.InvalidElementStateException: Cannot perform native interaction: Could not load native events component.
Command duration or timeout: 229 milliseconds
Build info: version: '2.46.0', revision: '61506a4624b13675f24581e453592342b7485d71', time: '2015-06-04 10:22:50'
System info: host: 'Adarsha-PC', ip: '192.168.1.33', os.name: 'Windows 7', os.arch: 'amd64', os.version: '6.1', java.version: '1.8.0_25'
Driver info: org.openqa.selenium.firefox.FirefoxDriver
Capabilities [{applicationCacheEnabled=true, rotatable=false, handlesAlerts=true, databaseEnabled=true, version=37.0.2, platform=WINDOWS, browserConnectionEnabled=true, nativeEvents=false, acceptSslCerts=true, webStorageEnabled=true, locationContextEnabled=true, browserName=firefox, takesScreenshot=true, javascriptEnabled=true, cssSelectorsEnabled=true}]
Session ID: 3f771ff8-0b3b-4def-9130-1e985a677c0c
	at org.openqa.selenium.remote.ErrorHandler.createThrowable(ErrorHandler.java:204)
	at org.openqa.selenium.remote.ErrorHandler.throwIfResponseFailed(ErrorHandler.java:156)
	at org.openqa.selenium.remote.RemoteWebDriver.execute(RemoteWebDriver.java:605)
	at org.openqa.selenium.remote.RemoteExecuteMethod.execute(RemoteExecuteMethod.java:35)
	at org.openqa.selenium.remote.RemoteMouse.mouseMove(RemoteMouse.java:89)
	at org.openqa.selenium.support.events.internal.EventFiringMouse.mouseMove(EventFiringMouse.java:58)
	at org.openqa.selenium.interactions.MoveMouseAction.perform(MoveMouseAction.java:39)
	at org.openqa.selenium.interactions.CompositeAction.perform(CompositeAction.java:50)
	at org.openqa.selenium.interactions.Actions.perform(Actions.java:371)
	at net.project.testClasses.HackerrankTestCases.BasicTestCase.firstTask(BasicTestCase.java:49)
	at java.util.concurrent.FutureTask.run(FutureTask.java:266)
	at java.util.concurrent.ThreadPoolExecutor.runWorker(ThreadPoolExecutor.java:1142)
	at java.util.concurrent.ThreadPoolExecutor$Worker.run(ThreadPoolExecutor.java:617)
	at java.lang.Thread.run(Thread.java:745)
Caused by: org.openqa.selenium.InvalidElementStateException: Cannot perform native interaction: Could not load native events component.
Build info: version: '2.46.0', revision: '61506a4624b13675f24581e453592342b7485d71', time: '2015-06-04 10:22:50'
System info: host: 'Adarsha-PC', ip: '192.168.1.33', os.name: 'Windows 7', os.arch: 'amd64', os.version: '6.1', java.version: '1.8.0_25'
Driver info: driver.version: unknown
	at <anonymous class>.generateErrorForNativeEvents(file:///C:/Users/Adarsha/AppData/Local/Temp/anonymous5568182054020680627webdriver-profile/extensions/fxdriver@googlecode.com/components/driver-component.js:10600)
	at <anonymous class>.FirefoxDriver.prototype.mouseMoveTo(file:///C:/Users/Adarsha/AppData/Local/Temp/anonymous5568182054020680627webdriver-profile/extensions/fxdriver@googlecode.com/components/driver-component.js:10644)
	at <anonymous class>.DelayedCommand.prototype.executeInternal_/h(file:///C:/Users/Adarsha/AppData/Local/Temp/anonymous5568182054020680627webdriver-profile/extensions/fxdriver@googlecode.com/components/command-processor.js:12282)
	at <anonymous class>.DelayedCommand.prototype.executeInternal_(file:///C:/Users/Adarsha/AppData/Local/Temp/anonymous5568182054020680627webdriver-profile/extensions/fxdriver@googlecode.com/components/command-processor.js:12287)
	at <anonymous class>.DelayedCommand.prototype.execute/<(file:///C:/Users/Adarsha/AppData/Local/Temp/anonymous5568182054020680627webdriver-profile/extensions/fxdriver@googlecode.com/components/command-processor.js:12229)
... Removed 20 stack frames]]>
    </failure>
  </testcase> <!-- firstTask -->
</testsuite> <!-- FirefoxTest -->
