<?xml version="1.0" encoding="UTF-8"?>
<!-- Generated by org.testng.reporters.JUnitXMLReporter -->
<testsuite hostname="Adarshas-MacBook-Pro.local" name="SafariTest" tests="4" failures="2" timestamp="20 Jul 2015 13:43:37 GMT" time="2.744" errors="0">
  <testcase name="@BeforeClass setupInterviewTask" time="0.0" classname="net.project.HackerRankForWork.TestClasses.BasicTestClass">
    <failure type="java.lang.RuntimeException" message="java.lang.reflect.InvocationTargetException">
      <![CDATA[java.lang.RuntimeException: java.lang.reflect.InvocationTargetException
	at org.openqa.selenium.support.PageFactory.instantiatePage(PageFactory.java:137)
	at org.openqa.selenium.support.PageFactory.initElements(PageFactory.java:63)
	at net.project.webDriverUtils.WebDriverUtilFunctions.instantiatePage(WebDriverUtilFunctions.java:953)
	at net.project.HackerRankForWork.TestClasses.BasicTestClass.setupInterviewTask(BasicTestClass.java:55)
	at org.openqa.selenium.support.PageFactory.instantiatePage(PageFactory.java:128)
	... 30 more
Caused by: org.openqa.selenium.WebDriverException: unknown error: jQuery is not defined
  (Session info: chrome=43.0.2357.134)
  (Driver info: chromedriver=2.15.322455 (ae8db840dac8d0c453355d3d922c91adfb61df8f),platform=Mac OS X 10.10.3 x86_64) (WARNING: The server did not provide any stacktrace information)
Command duration or timeout: 7 milliseconds
Build info: version: '2.45.0', revision: '5017cb8e7ca8e37638dc3091b2440b90a1d8686f', time: '2015-02-27 09:10:26'
System info: host: 'Adarshas-MacBook-Pro.local', ip: '127.0.0.1', os.name: 'Mac OS X', os.arch: 'x86_64', os.version: '10.10.3', java.version: '1.8.0_45'
Driver info: org.openqa.selenium.chrome.ChromeDriver
Capabilities [{applicationCacheEnabled=false, rotatable=false, mobileEmulationEnabled=false, chrome={userDataDir=/var/folders/27/wsmvbfq16db0yymbjm1m45mm0000gn/T/.org.chromium.Chromium.jrXply}, takesHeapSnapshot=true, databaseEnabled=false, handlesAlerts=true, version=43.0.2357.134, platform=MAC, browserConnectionEnabled=false, nativeEvents=true, acceptSslCerts=true, locationContextEnabled=true, webStorageEnabled=true, browserName=chrome, takesScreenshot=true, javascriptEnabled=true, cssSelectorsEnabled=true}]
Session ID: 76276f876caa7d43dc7bfa3e3b2042c6
	at org.openqa.selenium.remote.ErrorHandler.createThrowable(ErrorHandler.java:204)
	at org.openqa.selenium.remote.ErrorHandler.throwIfResponseFailed(ErrorHandler.java:156)
	at org.openqa.selenium.remote.RemoteWebDriver.execute(RemoteWebDriver.java:599)
	at org.openqa.selenium.remote.RemoteWebDriver.executeScript(RemoteWebDriver.java:508)
	at org.openqa.selenium.support.events.EventFiringWebDriver$2.invoke(EventFiringWebDriver.java:101)
	at com.sun.proxy.$Proxy7.executeScript(Unknown Source)
	at org.openqa.selenium.support.events.EventFiringWebDriver.executeScript(EventFiringWebDriver.java:213)
	at net.project.webDriverUtils.WebDriverUtilFunctions.waitForAjaxQueryCompletion(WebDriverUtilFunctions.java:421)
	at net.project.HackerRankForWork.PageClasses.CommonPageInterface.waitForPageRender(CommonPageInterface.java:18)
	at net.project.HackerRankForWork.PageClasses.WelcomePage.isLoaded(WelcomePage.java:134)
	at net.project.HackerRankForWork.PageClasses.WelcomePage.<init>(WelcomePage.java:125)
	... 35 more
... Removed 40 stack frames]]>
    </failure>
  </testcase> <!-- @BeforeClass setupInterviewTask -->
  <testcase name="testFromInterviewerSide" time="0.002" classname="net.project.HackerRankForWork.TestClasses.BasicTestClass">
    <skipped/>
  </testcase> <!-- testFromInterviewerSide -->
  <testcase name="testFromInterviewerSide" time="0.0" classname="net.project.HackerRankForWork.TestClasses.BasicTestClass">
    <failure type="java.lang.NullPointerException">
      <![CDATA[java.lang.NullPointerException
	at net.project.listeners.AppListener.onTestSkipped(AppListener.java:209)
... Removed 24 stack frames]]>
    </failure>
  </testcase> <!-- testFromInterviewerSide -->
  <testcase name="testFromIntervieweeSide" time="0.002" classname="net.project.HackerRankForWork.TestClasses.BasicTestClass">
    <skipped/>
  </testcase> <!-- testFromIntervieweeSide -->
  <testcase name="testFromIntervieweeSide" time="0.0" classname="net.project.HackerRankForWork.TestClasses.BasicTestClass">
    <failure type="java.lang.NullPointerException">
      <![CDATA[java.lang.NullPointerException
	at net.project.listeners.AppListener.onTestSkipped(AppListener.java:209)
... Removed 24 stack frames]]>
    </failure>
  </testcase> <!-- testFromIntervieweeSide -->
</testsuite> <!-- SafariTest -->
