<?xml version="1.0" encoding="UTF-8"?>
<!-- Generated by org.testng.reporters.JUnitXMLReporter -->
<testsuite hostname="Adarshas-MacBook-Pro.local" name="SafariTest" tests="2" failures="1" timestamp="10 Jul 2015 09:50:15 GMT" time="51.381" errors="0">
  <testcase name="codePairSanityTest1" time="1.436521813198E9" classname="net.project.testClasses.HackerrankForWork.CodePair.SanityTestClass"/>
  <testcase name="codePairSanityTest2" time="0.0" classname="net.project.testClasses.HackerrankForWork.CodePair.SanityTestClass">
    <failure type="org.testng.TestNGException" message="
The data provider is trying to pass 2 parameters but the method net.project.testClasses.HackerrankForWork.CodePair.SanityTestClass#codePairSanityTest2 takes 4 and TestNG is unable in inject a suitable object">
      <![CDATA[org.testng.TestNGException: 
The data provider is trying to pass 2 parameters but the method net.project.testClasses.HackerrankForWork.CodePair.SanityTestClass#codePairSanityTest2 takes 4 and TestNG is unable in inject a suitable object
Caused by: java.lang.ArrayIndexOutOfBoundsException: 2
	... 17 more
... Removed 19 stack frames]]>
    </failure>
  </testcase> <!-- codePairSanityTest2 -->
</testsuite> <!-- SafariTest -->
