<?xml version="1.0" encoding="UTF-8"?>
<testng-results skipped="0" failed="0" total="2" passed="2">
  <reporter-output>
  </reporter-output>
  <suite name="Suite1" duration-ms="90957" started-at="2015-06-04T17:53:41Z" finished-at="2015-06-04T17:55:12Z">
    <groups>
    </groups>
    <test name="ChromeTest" duration-ms="80136" started-at="2015-06-04T17:53:41Z" finished-at="2015-06-04T17:55:01Z">
      <class name="net.project.testClasses.HackerrankTestCases.BasicTestCase">
        <test-method status="PASS" signature="firstTask()[pri:0, instance:net.project.testClasses.HackerrankTestCases.BasicTestCase@63070bab]" name="firstTask" duration-ms="1433440501294" started-at="2015-06-04T23:23:41Z" finished-at="2060-11-05T17:18:42Z">
          <reporter-output>
          </reporter-output>
        </test-method> <!-- firstTask -->
      </class> <!-- net.project.testClasses.HackerrankTestCases.BasicTestCase -->
    </test> <!-- ChromeTest -->
    <test name="PhantomJSTest" duration-ms="90955" started-at="2015-06-04T17:53:41Z" finished-at="2015-06-04T17:55:12Z">
      <class name="net.project.testClasses.HackerrankTestCases.BasicTestCase">
        <test-method status="PASS" signature="firstTask()[pri:0, instance:net.project.testClasses.HackerrankTestCases.BasicTestCase@69fb6037]" name="firstTask" duration-ms="1433440512187" started-at="2015-06-04T23:23:41Z" finished-at="2060-11-05T17:18:53Z">
          <reporter-output>
          </reporter-output>
        </test-method> <!-- firstTask -->
      </class> <!-- net.project.testClasses.HackerrankTestCases.BasicTestCase -->
    </test> <!-- PhantomJSTest -->
  </suite> <!-- Suite1 -->
</testng-results>
