<?xml version="1.0" encoding="UTF-8"?>
<testng-results skipped="0" failed="0" total="2" passed="2">
  <reporter-output>
  </reporter-output>
  <suite name="Suite1" duration-ms="138187" started-at="2015-07-17T12:46:45Z" finished-at="2015-07-17T12:49:04Z">
    <groups>
    </groups>
    <test name="SafariTest" duration-ms="138187" started-at="2015-07-17T12:46:45Z" finished-at="2015-07-17T12:49:04Z">
      <class name="net.project.testClasses.HackerrankForWork.CodePair.BasicTestClass">
        <test-method status="PASS" signature="setupInterviewTask()[pri:0, instance:net.project.testClasses.HackerrankForWork.CodePair.BasicTestClass@6da21078]" name="setupInterviewTask" is-config="true" duration-ms="64950" started-at="2015-07-17T18:16:45Z" finished-at="2015-07-17T18:17:50Z">
          <reporter-output>
          </reporter-output>
        </test-method> <!-- setupInterviewTask -->
        <test-method status="PASS" signature="testFromInterviewerSide(java.lang.String, java.lang.String)[pri:0, instance:net.project.testClasses.HackerrankForWork.CodePair.BasicTestClass@6da21078]" name="testFromInterviewerSide" duration-ms="1437137291728" started-at="2015-07-17T18:17:50Z" data-provider="interviewerCredentialsDataProviderMethod" finished-at="2061-01-30T07:06:02Z">
          <params>
            <param index="0">
              <value>
                <![CDATA[adarsha+dev@hackerrank.com]]>
              </value>
            </param>
            <param index="1">
              <value>
                <![CDATA[ADAshe89]]>
              </value>
            </param>
          </params>
          <reporter-output>
          </reporter-output>
        </test-method> <!-- testFromInterviewerSide -->
        <test-method status="PASS" signature="testFromIntervieweeSide(java.lang.String, java.lang.String, java.lang.String, java.lang.String)[pri:0, instance:net.project.testClasses.HackerrankForWork.CodePair.BasicTestClass@6da21078]" name="testFromIntervieweeSide" duration-ms="1437137341176" started-at="2015-07-17T18:18:11Z" data-provider="intervieweeDataProviderMethod" finished-at="2061-01-30T07:07:12Z">
          <params>
            <param index="0">
              <value>
                <![CDATA[testintervieweeman]]>
              </value>
            </param>
            <param index="1">
              <value>
                <![CDATA[C++]]>
              </value>
            </param>
            <param index="2">
              <value>
                <![CDATA[src/test/resources/testcasedocs/mycode.txt]]>
              </value>
            </param>
            <param index="3">
              <value>
                <![CDATA[src/test/resources/testcasedocs/codeInput.txt]]>
              </value>
            </param>
          </params>
          <reporter-output>
          </reporter-output>
        </test-method> <!-- testFromIntervieweeSide -->
        <test-method status="PASS" signature="tearDownInterviewTask()[pri:0, instance:net.project.testClasses.HackerrankForWork.CodePair.BasicTestClass@6da21078]" name="tearDownInterviewTask" is-config="true" duration-ms="2856" started-at="2015-07-17T18:19:01Z" finished-at="2015-07-17T18:19:04Z">
          <reporter-output>
          </reporter-output>
        </test-method> <!-- tearDownInterviewTask -->
      </class> <!-- net.project.testClasses.HackerrankForWork.CodePair.BasicTestClass -->
    </test> <!-- SafariTest -->
  </suite> <!-- Suite1 -->
</testng-results>
