<?xml version="1.0" encoding="UTF-8"?>
<testng-results skipped="0" failed="0" total="3" passed="3">
  <reporter-output>
  </reporter-output>
  <suite name="Suite1" duration-ms="232150" started-at="2015-07-17T06:09:12Z" finished-at="2015-07-17T06:13:04Z">
    <groups>
    </groups>
    <test name="SafariTest" duration-ms="232150" started-at="2015-07-17T06:09:12Z" finished-at="2015-07-17T06:13:04Z">
      <class name="net.project.HackerRankForWork.TestClasses.SanityTestClass">
        <test-method status="PASS" signature="checkForHackerrankForWorkLoginPage()[pri:0, instance:net.project.HackerRankForWork.TestClasses.SanityTestClass@dd0c991]" name="checkForHackerrankForWorkLoginPage" is-config="true" duration-ms="19188" started-at="2015-07-17T11:39:12Z" finished-at="2015-07-17T11:39:31Z">
          <reporter-output>
          </reporter-output>
        </test-method> <!-- checkForHackerrankForWorkLoginPage -->
        <test-method status="PASS" signature="codePairSanityTest1()[pri:0, instance:net.project.HackerRankForWork.TestClasses.SanityTestClass@dd0c991]" name="codePairSanityTest1" duration-ms="1437113430020" started-at="2015-07-17T11:39:31Z" finished-at="2061-01-29T17:50:01Z">
          <reporter-output>
          </reporter-output>
        </test-method> <!-- codePairSanityTest1 -->
        <test-method status="PASS" signature="checkForHackerrankForWorkLoginPage()[pri:0, instance:net.project.HackerRankForWork.TestClasses.SanityTestClass@dd0c991]" name="checkForHackerrankForWorkLoginPage" is-config="true" duration-ms="21779" started-at="2015-07-17T11:40:30Z" finished-at="2015-07-17T11:40:51Z">
          <reporter-output>
          </reporter-output>
        </test-method> <!-- checkForHackerrankForWorkLoginPage -->
        <test-method status="PASS" signature="codePairSanityTest2(java.lang.String, java.lang.String, java.lang.String, java.lang.String)[pri:0, instance:net.project.HackerRankForWork.TestClasses.SanityTestClass@dd0c991]" name="codePairSanityTest2" duration-ms="1437113501185" started-at="2015-07-17T11:40:51Z" data-provider="candidateAndInterviewerInfoProviderMethod" finished-at="2061-01-29T17:52:32Z">
          <params>
            <param index="0">
              <value>
                <![CDATA[candy1@gmail.com]]>
              </value>
            </param>
            <param index="1">
              <value>
                <![CDATA[Candyman]]>
              </value>
            </param>
            <param index="2">
              <value>
                <![CDATA[9999999999]]>
              </value>
            </param>
            <param index="3">
              <value>
                <![CDATA[Ross:Phoebe:Joey:Rachel:Chandler]]>
              </value>
            </param>
          </params>
          <reporter-output>
          </reporter-output>
        </test-method> <!-- codePairSanityTest2 -->
        <test-method status="PASS" signature="checkForHackerrankForWorkLoginPage()[pri:0, instance:net.project.HackerRankForWork.TestClasses.SanityTestClass@dd0c991]" name="checkForHackerrankForWorkLoginPage" is-config="true" duration-ms="17320" started-at="2015-07-17T11:41:41Z" finished-at="2015-07-17T11:41:58Z">
          <reporter-output>
          </reporter-output>
        </test-method> <!-- checkForHackerrankForWorkLoginPage -->
        <test-method status="PASS" signature="codePairSanityTest3(java.lang.String, java.lang.String, java.lang.String, java.lang.String)[pri:0, instance:net.project.HackerRankForWork.TestClasses.SanityTestClass@dd0c991]" name="codePairSanityTest3" duration-ms="1437113584481" started-at="2015-07-17T11:41:58Z" data-provider="candidateAndInterviewerInfoProviderMethod" finished-at="2061-01-29T17:55:02Z">
          <params>
            <param index="0">
              <value>
                <![CDATA[candy1@gmail.com]]>
              </value>
            </param>
            <param index="1">
              <value>
                <![CDATA[Candyman]]>
              </value>
            </param>
            <param index="2">
              <value>
                <![CDATA[9999999999]]>
              </value>
            </param>
            <param index="3">
              <value>
                <![CDATA[Ross:Phoebe:Joey:Rachel:Chandler]]>
              </value>
            </param>
          </params>
          <reporter-output>
          </reporter-output>
        </test-method> <!-- codePairSanityTest3 -->
        <test-method status="PASS" signature="tearDownInterviewTask()[pri:0, instance:net.project.HackerRankForWork.TestClasses.SanityTestClass@dd0c991]" name="tearDownInterviewTask" is-config="true" duration-ms="32" started-at="2015-07-17T11:43:04Z" finished-at="2015-07-17T11:43:04Z">
          <reporter-output>
          </reporter-output>
        </test-method> <!-- tearDownInterviewTask -->
      </class> <!-- net.project.HackerRankForWork.TestClasses.SanityTestClass -->
    </test> <!-- SafariTest -->
  </suite> <!-- Suite1 -->
</testng-results>
