<?xml version="1.0" encoding="UTF-8"?>
<testng-results skipped="0" failed="1" total="3" passed="2">
  <reporter-output>
  </reporter-output>
  <suite name="Suite1" duration-ms="179022" started-at="2015-07-22T11:54:40Z" finished-at="2015-07-22T11:57:39Z">
    <groups>
    </groups>
    <test name="CodePairSanityChromeMACSuite" duration-ms="179022" started-at="2015-07-22T11:54:40Z" finished-at="2015-07-22T11:57:39Z">
      <class name="net.project.HackerRankForWork.TestClasses.SanityTestClass">
        <test-method status="PASS" signature="checkForHackerrankForWorkLoginPage()[pri:0, instance:net.project.HackerRankForWork.TestClasses.SanityTestClass@7a419da4]" name="checkForHackerrankForWorkLoginPage" is-config="true" duration-ms="21731" started-at="2015-07-22T17:24:40Z" finished-at="2015-07-22T17:25:02Z">
          <reporter-output>
          </reporter-output>
        </test-method> <!-- checkForHackerrankForWorkLoginPage -->
        <test-method status="PASS" signature="codePairSanityTest1()[pri:0, instance:net.project.HackerRankForWork.TestClasses.SanityTestClass@7a419da4]" name="codePairSanityTest1" duration-ms="1437566166776" started-at="2015-07-22T17:25:02Z" finished-at="2061-02-09T05:21:09Z">
          <reporter-output>
          </reporter-output>
        </test-method> <!-- codePairSanityTest1 -->
        <test-method status="PASS" signature="checkForHackerrankForWorkLoginPage()[pri:0, instance:net.project.HackerRankForWork.TestClasses.SanityTestClass@7a419da4]" name="checkForHackerrankForWorkLoginPage" is-config="true" duration-ms="7588" started-at="2015-07-22T17:26:06Z" finished-at="2015-07-22T17:26:14Z">
          <reporter-output>
          </reporter-output>
        </test-method> <!-- checkForHackerrankForWorkLoginPage -->
        <test-method status="PASS" signature="codePairSanityTest2(java.lang.String, java.lang.String, java.lang.String, java.lang.String)[pri:0, instance:net.project.HackerRankForWork.TestClasses.SanityTestClass@7a419da4]" name="codePairSanityTest2" duration-ms="1437566211597" started-at="2015-07-22T17:26:14Z" data-provider="candidateAndInterviewerInfoProviderMethod" finished-at="2061-02-09T05:23:05Z">
          <params>
            <param index="0">
              <value>
                <![CDATA[candy1@gmail.com]]>
              </value>
            </param>
            <param index="1">
              <value>
                <![CDATA[Candyman]]>
              </value>
            </param>
            <param index="2">
              <value>
                <![CDATA[9999999999]]>
              </value>
            </param>
            <param index="3">
              <value>
                <![CDATA[Ross:Phoebe:Joey:Rachel:Chandler]]>
              </value>
            </param>
          </params>
          <reporter-output>
          </reporter-output>
        </test-method> <!-- codePairSanityTest2 -->
        <test-method status="PASS" signature="checkForHackerrankForWorkLoginPage()[pri:0, instance:net.project.HackerRankForWork.TestClasses.SanityTestClass@7a419da4]" name="checkForHackerrankForWorkLoginPage" is-config="true" duration-ms="7436" started-at="2015-07-22T17:26:51Z" finished-at="2015-07-22T17:26:59Z">
          <reporter-output>
          </reporter-output>
        </test-method> <!-- checkForHackerrankForWorkLoginPage -->
        <test-method status="FAIL" signature="codePairSanityTest3(java.lang.String, java.lang.String, java.lang.String, java.lang.String)[pri:0, instance:net.project.HackerRankForWork.TestClasses.SanityTestClass@7a419da4]" name="codePairSanityTest3" duration-ms="0" started-at="2015-07-22T17:26:59Z" data-provider="candidateAndInterviewerInfoProviderMethod" finished-at="2015-07-22T17:26:59Z">
          <params>
            <param index="0">
              <value>
                <![CDATA[candy1@gmail.com]]>
              </value>
            </param>
            <param index="1">
              <value>
                <![CDATA[Candyman]]>
              </value>
            </param>
            <param index="2">
              <value>
                <![CDATA[9999999999]]>
              </value>
            </param>
            <param index="3">
              <value>
                <![CDATA[Ross:Phoebe:Joey:Rachel:Chandler]]>
              </value>
            </param>
          </params>
          <exception class="org.openqa.selenium.WebDriverException">
            <message>
              <![CDATA[unknown error: Element is not clickable at point (1177, 31). Other element would receive the click: <div class="modal-backdrop  in"></div>
  (Session info: chrome=44.0.2403.89)
  (Driver info: chromedriver=2.15.322455 (ae8db840dac8d0c453355d3d922c91adfb61df8f),platform=Mac OS X 10.10.3 x86_64) (WARNING: The server did not provide any stacktrace information)
Command duration or timeout: 47 milliseconds
Build info: version: '2.45.0', revision: '5017cb8e7ca8e37638dc3091b2440b90a1d8686f', time: '2015-02-27 09:10:26'
System info: host: 'Adarshas-MacBook-Pro.local', ip: '192.168.2.70', os.name: 'Mac OS X', os.arch: 'x86_64', os.version: '10.10.3', java.version: '1.8.0_45'
Driver info: org.openqa.selenium.chrome.ChromeDriver
Capabilities [{applicationCacheEnabled=false, rotatable=false, mobileEmulationEnabled=false, chrome={userDataDir=/var/folders/27/wsmvbfq16db0yymbjm1m45mm0000gn/T/.org.chromium.Chromium.5ttNTN}, takesHeapSnapshot=true, databaseEnabled=false, handlesAlerts=true, version=44.0.2403.89, platform=MAC, browserConnectionEnabled=false, nativeEvents=true, acceptSslCerts=true, locationContextEnabled=true, webStorageEnabled=true, browserName=chrome, takesScreenshot=true, javascriptEnabled=true, cssSelectorsEnabled=true}]
Session ID: 4111f86e058f9bfdfd8901595a1b1a31]]>
            </message>
            <full-stacktrace>
              <![CDATA[org.openqa.selenium.WebDriverException: unknown error: Element is not clickable at point (1177, 31). Other element would receive the click: <div class="modal-backdrop  in"></div>
  (Session info: chrome=44.0.2403.89)
  (Driver info: chromedriver=2.15.322455 (ae8db840dac8d0c453355d3d922c91adfb61df8f),platform=Mac OS X 10.10.3 x86_64) (WARNING: The server did not provide any stacktrace information)
Command duration or timeout: 47 milliseconds
Build info: version: '2.45.0', revision: '5017cb8e7ca8e37638dc3091b2440b90a1d8686f', time: '2015-02-27 09:10:26'
System info: host: 'Adarshas-MacBook-Pro.local', ip: '192.168.2.70', os.name: 'Mac OS X', os.arch: 'x86_64', os.version: '10.10.3', java.version: '1.8.0_45'
Driver info: org.openqa.selenium.chrome.ChromeDriver
Capabilities [{applicationCacheEnabled=false, rotatable=false, mobileEmulationEnabled=false, chrome={userDataDir=/var/folders/27/wsmvbfq16db0yymbjm1m45mm0000gn/T/.org.chromium.Chromium.5ttNTN}, takesHeapSnapshot=true, databaseEnabled=false, handlesAlerts=true, version=44.0.2403.89, platform=MAC, browserConnectionEnabled=false, nativeEvents=true, acceptSslCerts=true, locationContextEnabled=true, webStorageEnabled=true, browserName=chrome, takesScreenshot=true, javascriptEnabled=true, cssSelectorsEnabled=true}]
Session ID: 4111f86e058f9bfdfd8901595a1b1a31
	at sun.reflect.NativeConstructorAccessorImpl.newInstance0(Native Method)
	at sun.reflect.NativeConstructorAccessorImpl.newInstance(NativeConstructorAccessorImpl.java:62)
	at sun.reflect.DelegatingConstructorAccessorImpl.newInstance(DelegatingConstructorAccessorImpl.java:45)
	at java.lang.reflect.Constructor.newInstance(Constructor.java:422)
	at org.openqa.selenium.remote.ErrorHandler.createThrowable(ErrorHandler.java:204)
	at org.openqa.selenium.remote.ErrorHandler.throwIfResponseFailed(ErrorHandler.java:156)
	at org.openqa.selenium.remote.RemoteWebDriver.execute(RemoteWebDriver.java:599)
	at org.openqa.selenium.remote.RemoteWebElement.execute(RemoteWebElement.java:268)
	at org.openqa.selenium.remote.RemoteWebElement.click(RemoteWebElement.java:79)
	at sun.reflect.GeneratedMethodAccessor15.invoke(Unknown Source)
	at sun.reflect.DelegatingMethodAccessorImpl.invoke(DelegatingMethodAccessorImpl.java:43)
	at java.lang.reflect.Method.invoke(Method.java:497)
	at org.openqa.selenium.support.events.EventFiringWebDriver$EventFiringWebElement$1.invoke(EventFiringWebDriver.java:331)
	at com.sun.proxy.$Proxy12.click(Unknown Source)
	at org.openqa.selenium.support.events.EventFiringWebDriver$EventFiringWebElement.click(EventFiringWebDriver.java:344)
	at sun.reflect.GeneratedMethodAccessor15.invoke(Unknown Source)
	at sun.reflect.DelegatingMethodAccessorImpl.invoke(DelegatingMethodAccessorImpl.java:43)
	at java.lang.reflect.Method.invoke(Method.java:497)
	at org.openqa.selenium.support.pagefactory.internal.LocatingElementHandler.invoke(LocatingElementHandler.java:50)
	at com.sun.proxy.$Proxy11.click(Unknown Source)
	at net.project.HackerRankForWork.PageClasses.CodePairPage.logout(CodePairPage.java:99)
	at net.project.HackerRankForWork.TestClasses.SanityTestClass.codePairSanityTest3(SanityTestClass.java:115)
	at sun.reflect.NativeMethodAccessorImpl.invoke0(Native Method)
	at sun.reflect.NativeMethodAccessorImpl.invoke(NativeMethodAccessorImpl.java:62)
	at sun.reflect.DelegatingMethodAccessorImpl.invoke(DelegatingMethodAccessorImpl.java:43)
	at java.lang.reflect.Method.invoke(Method.java:497)
	at org.testng.internal.MethodInvocationHelper.invokeMethod(MethodInvocationHelper.java:85)
	at org.testng.internal.Invoker.invokeMethod(Invoker.java:648)
	at org.testng.internal.Invoker.invokeTestMethod(Invoker.java:834)
	at org.testng.internal.Invoker.invokeTestMethods(Invoker.java:1142)
	at org.testng.internal.TestMethodWorker.invokeTestMethods(TestMethodWorker.java:124)
	at org.testng.internal.TestMethodWorker.run(TestMethodWorker.java:108)
	at org.testng.TestRunner.privateRun(TestRunner.java:771)
	at org.testng.TestRunner.run(TestRunner.java:621)
	at org.testng.SuiteRunner.runTest(SuiteRunner.java:357)
	at org.testng.SuiteRunner.runSequentially(SuiteRunner.java:352)
	at org.testng.SuiteRunner.privateRun(SuiteRunner.java:310)
	at org.testng.SuiteRunner.run(SuiteRunner.java:259)
	at org.testng.SuiteRunnerWorker.runSuite(SuiteRunnerWorker.java:52)
	at org.testng.SuiteRunnerWorker.run(SuiteRunnerWorker.java:86)
	at org.testng.TestNG.runSuitesSequentially(TestNG.java:1176)
	at org.testng.TestNG.runSuitesLocally(TestNG.java:1101)
	at org.testng.TestNG.run(TestNG.java:1009)
	at org.testng.remote.RemoteTestNG.run(RemoteTestNG.java:111)
	at org.testng.remote.RemoteTestNG.initAndRun(RemoteTestNG.java:204)
	at org.testng.remote.RemoteTestNG.main(RemoteTestNG.java:175)
]]>
            </full-stacktrace>
          </exception> <!-- org.openqa.selenium.WebDriverException -->
          <reporter-output>
          </reporter-output>
        </test-method> <!-- codePairSanityTest3 -->
        <test-method status="PASS" signature="tearDownInterviewTask()[pri:0, instance:net.project.HackerRankForWork.TestClasses.SanityTestClass@7a419da4]" name="tearDownInterviewTask" is-config="true" duration-ms="666" started-at="2015-07-22T17:27:39Z" finished-at="2015-07-22T17:27:39Z">
          <reporter-output>
          </reporter-output>
        </test-method> <!-- tearDownInterviewTask -->
      </class> <!-- net.project.HackerRankForWork.TestClasses.SanityTestClass -->
    </test> <!-- CodePairSanityChromeMACSuite -->
  </suite> <!-- Suite1 -->
</testng-results>
