<?xml version="1.0" encoding="UTF-8"?>
<testng-results skipped="0" failed="0" total="3" passed="3">
  <reporter-output>
  </reporter-output>
  <suite name="Suite1" duration-ms="228610" started-at="2015-07-15T05:33:04Z" finished-at="2015-07-15T05:36:53Z">
    <groups>
    </groups>
    <test name="SafariTest" duration-ms="228610" started-at="2015-07-15T05:33:04Z" finished-at="2015-07-15T05:36:53Z">
      <class name="net.project.HackerRankForWork.TestClasses.SanityTestClass">
        <test-method status="PASS" signature="checkForHackerrankForWorkLoginPage()[pri:0, instance:net.project.HackerRankForWork.TestClasses.SanityTestClass@6aa8e115]" name="checkForHackerrankForWorkLoginPage" is-config="true" duration-ms="24274" started-at="2015-07-15T11:03:04Z" finished-at="2015-07-15T11:03:28Z">
          <reporter-output>
          </reporter-output>
        </test-method> <!-- checkForHackerrankForWorkLoginPage -->
        <test-method status="PASS" signature="codePairSanityTest1()[pri:0, instance:net.project.HackerRankForWork.TestClasses.SanityTestClass@6aa8e115]" name="codePairSanityTest1" duration-ms="1436938471835" started-at="2015-07-15T11:03:28Z" finished-at="2061-01-25T16:38:00Z">
          <reporter-output>
          </reporter-output>
        </test-method> <!-- codePairSanityTest1 -->
        <test-method status="PASS" signature="checkForHackerrankForWorkLoginPage()[pri:0, instance:net.project.HackerRankForWork.TestClasses.SanityTestClass@6aa8e115]" name="checkForHackerrankForWorkLoginPage" is-config="true" duration-ms="12716" started-at="2015-07-15T11:04:31Z" finished-at="2015-07-15T11:04:44Z">
          <reporter-output>
          </reporter-output>
        </test-method> <!-- checkForHackerrankForWorkLoginPage -->
        <test-method status="PASS" signature="codePairSanityTest2(java.lang.String, java.lang.String, java.lang.String, java.lang.String)[pri:0, instance:net.project.HackerRankForWork.TestClasses.SanityTestClass@6aa8e115]" name="codePairSanityTest2" duration-ms="1436938539306" started-at="2015-07-15T11:04:44Z" data-provider="candidateAndInterviewerInfoProviderMethod" finished-at="2061-01-25T16:40:23Z">
          <params>
            <param index="0">
              <value>
                <![CDATA[candy1@gmail.com]]>
              </value>
            </param>
            <param index="1">
              <value>
                <![CDATA[Candyman]]>
              </value>
            </param>
            <param index="2">
              <value>
                <![CDATA[9999999999]]>
              </value>
            </param>
            <param index="3">
              <value>
                <![CDATA[Ross:Phoebe:Joey:Rachel:Chandler]]>
              </value>
            </param>
          </params>
          <reporter-output>
          </reporter-output>
        </test-method> <!-- codePairSanityTest2 -->
        <test-method status="PASS" signature="checkForHackerrankForWorkLoginPage()[pri:0, instance:net.project.HackerRankForWork.TestClasses.SanityTestClass@6aa8e115]" name="checkForHackerrankForWorkLoginPage" is-config="true" duration-ms="12418" started-at="2015-07-15T11:05:39Z" finished-at="2015-07-15T11:05:51Z">
          <reporter-output>
          </reporter-output>
        </test-method> <!-- checkForHackerrankForWorkLoginPage -->
        <test-method status="PASS" signature="codePairSanityTest3(java.lang.String, java.lang.String, java.lang.String, java.lang.String)[pri:0, instance:net.project.HackerRankForWork.TestClasses.SanityTestClass@6aa8e115]" name="codePairSanityTest3" duration-ms="1436938612515" started-at="2015-07-15T11:05:51Z" data-provider="candidateAndInterviewerInfoProviderMethod" finished-at="2061-01-25T16:42:44Z">
          <params>
            <param index="0">
              <value>
                <![CDATA[candy1@gmail.com]]>
              </value>
            </param>
            <param index="1">
              <value>
                <![CDATA[Candyman]]>
              </value>
            </param>
            <param index="2">
              <value>
                <![CDATA[9999999999]]>
              </value>
            </param>
            <param index="3">
              <value>
                <![CDATA[Ross:Phoebe:Joey:Rachel:Chandler]]>
              </value>
            </param>
          </params>
          <reporter-output>
          </reporter-output>
        </test-method> <!-- codePairSanityTest3 -->
        <test-method status="PASS" signature="tearDownInterviewTask()[pri:0, instance:net.project.HackerRankForWork.TestClasses.SanityTestClass@6aa8e115]" name="tearDownInterviewTask" is-config="true" duration-ms="627" started-at="2015-07-15T11:06:52Z" finished-at="2015-07-15T11:06:53Z">
          <reporter-output>
          </reporter-output>
        </test-method> <!-- tearDownInterviewTask -->
      </class> <!-- net.project.HackerRankForWork.TestClasses.SanityTestClass -->
    </test> <!-- SafariTest -->
  </suite> <!-- Suite1 -->
</testng-results>
